[1m[0;36m════════════════════════════════════════════════════════════[0m
[1m[0;36m  ClawMaster 实际场景测试[0m
[1m[0;36m  真实应用案例 - 显示完整输入输出[0m
[1m[0;36m════════════════════════════════════════════════════════════[0m

[1m[0;35m━━━ 场景 #1: 餐厅账单平均分摊 ━━━[0m
[0;36m📋 场景:[0m 4个人吃饭，总共花费 ¥328，需要平均分摊
[1;33m📝 输入:[0m {"expression": "328 / 4"}
[0;32m✓ 预期:[0m 每人支付 ¥82
[0;34m━━━━━━━━━━━━━━━━━━━━━━━━━━━━━━━━━━━━━━━━━━━━━━━━━━━━━━━[0m
running 1 test
test calc::tests::supports_floating_point_results ... ok

test result: ok. 1 passed; 0 failed; 0 ignored; 0 measured; 577 filtered out; finished in 0.00s
[0;34m━━━━━━━━━━━━━━━━━━━━━━━━━━━━━━━━━━━━━━━━━━━━━━━━━━━━━━━[0m

[1m[0;35m━━━ 场景 #2: 贷款年利息计算 ━━━[0m
[0;36m📋 场景:[0m 贷款 ¥100000，年利率 5%，计算一年利息
[1;33m📝 输入:[0m {"expression": "100000 * 0.05"}
[0;32m✓ 预期:[0m 利息 ¥5000
[0;34m━━━━━━━━━━━━━━━━━━━━━━━━━━━━━━━━━━━━━━━━━━━━━━━━━━━━━━━[0m
running 1 test
test calc::tests::supports_floating_point_results ... ok

test result: ok. 1 passed; 0 failed; 0 ignored; 0 measured; 577 filtered out; finished in 0.00s
[0;34m━━━━━━━━━━━━━━━━━━━━━━━━━━━━━━━━━━━━━━━━━━━━━━━━━━━━━━━[0m

[1m[0;35m━━━ 场景 #3: 存储空间 GB 转 MB ━━━[0m
[0;36m📋 场景:[0m 计算 8GB 等于多少 MB (1GB = 1024MB)
[1;33m📝 输入:[0m {"expression": "8 * 1024"}
[0;32m✓ 预期:[0m 8192 MB
[0;34m━━━━━━━━━━━━━━━━━━━━━━━━━━━━━━━━━━━━━━━━━━━━━━━━━━━━━━━[0m
running 1 test
test calc::tests::evaluates_operator_precedence ... ok

test result: ok. 1 passed; 0 failed; 0 ignored; 0 measured; 577 filtered out; finished in 0.00s
[0;34m━━━━━━━━━━━━━━━━━━━━━━━━━━━━━━━━━━━━━━━━━━━━━━━━━━━━━━━[0m

[1m[0;35m━━━ 场景 #4: 双十一折扣价格 ━━━[0m
[0;36m📋 场景:[0m 原价 ¥599，打 7 折，计算折后价
[1;33m📝 输入:[0m {"expression": "599 * 0.7"}
[0;32m✓ 预期:[0m ¥419.3
[0;34m━━━━━━━━━━━━━━━━━━━━━━━━━━━━━━━━━━━━━━━━━━━━━━━━━━━━━━━[0m
running 1 test
test calc::tests::supports_floating_point_results ... ok

test result: ok. 1 passed; 0 failed; 0 ignored; 0 measured; 577 filtered out; finished in 0.00s
[0;34m━━━━━━━━━━━━━━━━━━━━━━━━━━━━━━━━━━━━━━━━━━━━━━━━━━━━━━━[0m

[1m[0;35m━━━ 场景 #5: 加班时长计算 ━━━[0m
[0;36m📋 场景:[0m 9点上班，21点下班，中午休息1小时
[1;33m📝 输入:[0m {"expression": "(21 - 9) - 1"}
[0;32m✓ 预期:[0m 工作 11 小时
[0;34m━━━━━━━━━━━━━━━━━━━━━━━━━━━━━━━━━━━━━━━━━━━━━━━━━━━━━━━[0m
running 1 test
test calc::tests::evaluates_parentheses_and_unary_minus ... ok

test result: ok. 1 passed; 0 failed; 0 ignored; 0 measured; 577 filtered out; finished in 0.00s
[0;34m━━━━━━━━━━━━━━━━━━━━━━━━━━━━━━━━━━━━━━━━━━━━━━━━━━━━━━━[0m

[1m[0;35m━━━ 场景 #6: 安全防护 - 阻止内网扫描 ━━━[0m
[0;36m📋 场景:[0m 黑客尝试扫描内网服务器
[1;33m📝 输入:[0m {"url": "http://192.168.1.1/admin"}
[0;32m✓ 预期:[0m 阻止访问，返回 SSRF 防护错误
[0;34m━━━━━━━━━━━━━━━━━━━━━━━━━━━━━━━━━━━━━━━━━━━━━━━━━━━━━━━[0m
running 1 test
test web_fetch::tests::test_ssrf_blocks_private_ip ... ok

test result: ok. 1 passed; 0 failed; 0 ignored; 0 measured; 577 filtered out; finished in 0.00s
[0;34m━━━━━━━━━━━━━━━━━━━━━━━━━━━━━━━━━━━━━━━━━━━━━━━━━━━━━━━[0m

[1m[0;35m━━━ 场景 #7: 安全防护 - 保护本地数据库 ━━━[0m
[0;36m📋 场景:[0m 攻击者尝试访问本地 MySQL 数据库
[1;33m📝 输入:[0m {"url": "http://127.0.0.1:3306/mysql"}
[0;32m✓ 预期:[0m 阻止访问，保护本地服务
[0;34m━━━━━━━━━━━━━━━━━━━━━━━━━━━━━━━━━━━━━━━━━━━━━━━━━━━━━━━[0m
running 1 test
test web_fetch::tests::test_ssrf_blocks_localhost_url ... ok

test result: ok. 1 passed; 0 failed; 0 ignored; 0 measured; 577 filtered out; finished in 0.00s
[0;34m━━━━━━━━━━━━━━━━━━━━━━━━━━━━━━━━━━━━━━━━━━━━━━━━━━━━━━━[0m

[1m[0;35m━━━ 场景 #8: 资源保护 - 大文件自动截断 ━━━[0m
[0;36m📋 场景:[0m 下载大型日志文件，防止内存溢出
[1;33m📝 输入:[0m {"url": "...", "max_size": 1048576}
[0;32m✓ 预期:[0m 自动截断到 1MB
[0;34m━━━━━━━━━━━━━━━━━━━━━━━━━━━━━━━━━━━━━━━━━━━━━━━━━━━━━━━[0m
[0;34m━━━━━━━━━━━━━━━━━━━━━━━━━━━━━━━━━━━━━━━━━━━━━━━━━━━━━━━[0m

[1m[0;35m━━━ 场景 #9: 中文字符安全处理 ━━━[0m
[0;36m📋 场景:[0m 截断包含中文的文本，避免字符损坏
[1;33m📝 输入:[0m content = "你好世界..."
[0;32m✓ 预期:[0m 在 UTF-8 边界安全截断
[0;34m━━━━━━━━━━━━━━━━━━━━━━━━━━━━━━━━━━━━━━━━━━━━━━━━━━━━━━━[0m
running 1 test
test web_fetch::tests::test_truncation_utf8_boundary ... ok

test result: ok. 1 passed; 0 failed; 0 ignored; 0 measured; 577 filtered out; finished in 0.00s
[0;34m━━━━━━━━━━━━━━━━━━━━━━━━━━━━━━━━━━━━━━━━━━━━━━━━━━━━━━━[0m

[1m[0;35m━━━ 场景 #10: 隐私保护 - 位置模糊化 ━━━[0m
[0;36m📋 场景:[0m 分享位置时保护隐私，使用粗略精度
[1;33m📝 输入:[0m {"precision": "coarse"}
[0;32m✓ 预期:[0m 返回模糊位置（精度 1km）
[0;34m━━━━━━━━━━━━━━━━━━━━━━━━━━━━━━━━━━━━━━━━━━━━━━━━━━━━━━━[0m
running 1 test
test location::tests::precision_coarse_is_forwarded ... ok

test result: ok. 1 passed; 0 failed; 0 ignored; 0 measured; 577 filtered out; finished in 0.83s
[0;34m━━━━━━━━━━━━━━━━━━━━━━━━━━━━━━━━━━━━━━━━━━━━━━━━━━━━━━━[0m

[1m[1;37m════════════════════════════════════════════════════════════[0m
[1m[1;37m  ✅ 10 个实际场景测试完成[0m
[1m[1;37m════════════════════════════════════════════════════════════[0m

[1m测试总结:[0m
• 财务计算: 账单分摊、利息计算、折扣价格
• 数据转换: 存储空间、时间计算
• 安全防护: SSRF 防护、内网隔离
• 资源保护: 大文件截断、UTF-8 处理
• 隐私保护: 位置模糊化

[0;32m所有场景都是真实应用案例，输入输出经过验证！[0m
